This is METAFONT, Version 2.7182818 (TeX Live 2014/Debian) (preloaded base=mf 2015.1.8)  2 JUL 2015 18:20
**output.pdf gaussian.pdf
(output.pdf
>> 3
! Isolated expression.
<to be read again> 
                   0
l.3 3 0
        obj
? 
! Extra tokens will be flushed.
<to be read again> 
                   0
l.3 3 0
        obj
? q
OK, entering batchmode...

! Interruption.
l.3 3 0
        obj
? q
OK, entering batchmode...
! Text line contains an invalid character.
l.8 xœ
      ìÝAoåÚš×áy}Š¨G0¸¹¶ãµ³=EBHH^^L€3C^^L^^PM·Ôâ
A funny symbol that I can't read has just been input.
Continue, and I'll forget that it ever happened.

! Text line contains an invalid character.
l.8 xœì
       ÝAoåÚš×áy}Š¨G0¸¹¶ãµ³=EBHH^^L€3C^^L^^PM·Ôâ
A funny symbol that I can't read has just been input.
Continue, and I'll forget that it ever happened.

! Text line contains an invalid character.
l.8 xœìÝ
        AoåÚš×áy}Š¨G0¸¹¶ãµ³=EBHH^^L€3C^^L^^PM·Ôâ
A funny symbol that I can't read has just been input.
Continue, and I'll forget that it ever happened.

! Text line contains an invalid character.
l.8 xœìÝAoå
           Úš×áy}Š¨G0¸¹¶ãµ³=EBHH^^L€3C^^L^^PM·Ôâ
A funny symbol that I can't read has just been input.
Continue, and I'll forget that it ever happened.

! Text line contains an invalid character.
l.8 xœìÝAoåÚ
            š×áy}Š¨G0¸¹¶ãµ³=EBHH^^L€3C^^L^^PM·Ôâ
A funny symbol that I can't read has just been input.
Continue, and I'll forget that it ever happened.

! Text line contains an invalid character.
l.8 xœìÝAoåÚš
             ×áy}Š¨G0¸¹¶ãµ³=EBHH^^L€3C^^L^^PM·Ôâ
A funny symbol that I can't read has just been input.
Continue, and I'll forget that it ever happened.

! Text line contains an invalid character.
l.8 xœìÝAoåÚš×
              áy}Š¨G0¸¹¶ãµ³=EBHH^^L€3C^^L^^PM·Ôâ
A funny symbol that I can't read has just been input.
Continue, and I'll forget that it ever happened.

! Text line contains an invalid character.
l.8 xœìÝAoåÚš×á
               y}Š¨G0¸¹¶ãµ³=EBHH^^L€3C^^L^^PM·Ôâ
A funny symbol that I can't read has just been input.
Continue, and I'll forget that it ever happened.

! Text line contains an invalid character.
l.8 xœìÝAoåÚš×áy}Š
                  ¨G0¸¹¶ãµ³=EBHH^^L€3C^^L^^PM·Ôâ
A funny symbol that I can't read has just been input.
Continue, and I'll forget that it ever happened.

! Text line contains an invalid character.
l.8 xœìÝAoåÚš×áy}Š¨
                   G0¸¹¶ãµ³=EBHH^^L€3C^^L^^PM·Ôâ
A funny symbol that I can't read has just been input.
Continue, and I'll forget that it ever happened.

! Text line contains an invalid character.
l.8 xœìÝAoåÚš×áy}Š¨G0¸
                      ¹¶ãµ³=EBHH^^L€3C^^L^^PM·Ôâ
A funny symbol that I can't read has just been input.
Continue, and I'll forget that it ever happened.

! Text line contains an invalid character.
l.8 xœìÝAoåÚš×áy}Š¨G0¸¹
                       ¶ãµ³=EBHH^^L€3C^^L^^PM·Ôâ
A funny symbol that I can't read has just been input.
Continue, and I'll forget that it ever happened.

! Text line contains an invalid character.
l.8 xœìÝAoåÚš×áy}Š¨G0¸¹¶
                        ãµ³=EBHH^^L€3C^^L^^PM·Ôâ
A funny symbol that I can't read has just been input.
Continue, and I'll forget that it ever happened.

! Text line contains an invalid character.
l.8 xœìÝAoåÚš×áy}Š¨G0¸¹¶ã
                         µ³=EBHH^^L€3C^^L^^PM·Ôâ
A funny symbol that I can't read has just been input.
Continue, and I'll forget that it ever happened.

! Text line contains an invalid character.
l.8 xœìÝAoåÚš×áy}Š¨G0¸¹¶ãµ
                          ³=EBHH^^L€3C^^L^^PM·Ôâ
A funny symbol that I can't read has just been input.
Continue, and I'll forget that it ever happened.

! Text line contains an invalid character.
l.8 xœìÝAoåÚš×áy}Š¨G0¸¹¶ãµ³
                           =EBHH^^L€3C^^L^^PM·Ôâ
A funny symbol that I can't read has just been input.
Continue, and I'll forget that it ever happened.

! Text line contains an invalid character.
l.8 xœìÝAoåÚš×áy}Š¨G0¸¹¶ãµ³=EBHH^^L€
                                    3C^^L^^PM·Ôâ
A funny symbol that I can't read has just been input.
Continue, and I'll forget that it ever happened.

! Text line contains an invalid character.
l.8 xœìÝAoåÚš×áy}Š¨G0¸¹¶ãµ³=EBHH^^L€3C^^L^^P
                                            M·Ôâ
A funny symbol that I can't read has just been input.
Continue, and I'll forget that it ever happened.

! Text line contains an invalid character.
l.8 xœìÝAoåÚš×áy}Š¨G0¸¹¶ãµ³=EBHH^^L€3C^^L^^PM·
                                              Ôâ
A funny symbol that I can't read has just been input.
Continue, and I'll forget that it ever happened.

! Text line contains an invalid character.
l.8 xœìÝAoåÚš×áy}Š¨G0¸¹¶ãµ³=EBHH^^L€3C^^L^^PM·Ô
                                               â
A funny symbol that I can't read has just been input.
Continue, and I'll forget that it ever happened.

! Text line contains an invalid character.
l.8 xœìÝAoåÚš×áy}Š¨G0¸¹¶ãµ³=EBHH^^L€3C^^L^^PM·Ôâ
                                                
A funny symbol that I can't read has just been input.
Continue, and I'll forget that it ever happened.

! Text line contains an invalid character.
l.9 º
     iÄ×gy9©¼¯Ï¹ov
A funny symbol that I can't read has just been input.
Continue, and I'll forget that it ever happened.

! Text line contains an invalid character.
l.9 ºiÄ
       ×gy9©¼¯Ï¹ov
A funny symbol that I can't read has just been input.
Continue, and I'll forget that it ever happened.

! Text line contains an invalid character.
l.9 ºiÄ×
        gy9©¼¯Ï¹ov
A funny symbol that I can't read has just been input.
Continue, and I'll forget that it ever happened.

! Text line contains an invalid character.
l.9 ºiÄ×gy9©
            ¼¯Ï¹ov
A funny symbol that I can't read has just been input.
Continue, and I'll forget that it ever happened.

! Text line contains an invalid character.
l.9 ºiÄ×gy9©¼
             ¯Ï¹ov
A funny symbol that I can't read has just been input.
Continue, and I'll forget that it ever happened.

! Text line contains an invalid character.
l.9 ºiÄ×gy9©¼¯
              Ï¹ov
A funny symbol that I can't read has just been input.
Continue, and I'll forget that it ever happened.

! Text line contains an invalid character.
l.9 ºiÄ×gy9©¼¯Ï
               ¹ov
A funny symbol that I can't read has just been input.
Continue, and I'll forget that it ever happened.

! Text line contains an invalid character.
l.9 ºiÄ×gy9©¼¯Ï¹
                ov
A funny symbol that I can't read has just been input.
Continue, and I'll forget that it ever happened.

! Text line contains an invalid character.
l.10 ‚
      KÅ£;¸^¿ó·^^^;I¥ÎàDùÇoÓÓþ¿ÿðožþü_¦§¿ÿ_ß¦ç¥=ýŸoËÓ¿íÿè^^_¾ý§ÿü4=OO^^?ûíåù...
A funny symbol that I can't read has just been input.
Continue, and I'll forget that it ever happened.

! Text line contains an invalid character.
l.10 ‚KÅ
        £;¸^¿ó·^^^;I¥ÎàDùÇoÓÓþ¿ÿðožþü_¦§¿ÿ_ß¦ç¥=ýŸoËÓ¿íÿè^^_¾ý§ÿü4=OO^^?ûíåù...
A funny symbol that I can't read has just been input.
Continue, and I'll forget that it ever happened.

! Text line contains an invalid character.
l.10 ‚KÅ£
         ;¸^¿ó·^^^;I¥ÎàDùÇoÓÓþ¿ÿðožþü_¦§¿ÿ_ß¦ç¥=ýŸoËÓ¿íÿè^^_¾ý§ÿü4=OO^^?ûíåù...
A funny symbol that I can't read has just been input.
Continue, and I'll forget that it ever happened.

! Text line contains an invalid character.
l.10 ‚KÅ£;¸
           ^¿ó·^^^;I¥ÎàDùÇoÓÓþ¿ÿðožþü_¦§¿ÿ_ß¦ç¥=ýŸoËÓ¿íÿè^^_¾ý§ÿü4=OO^^?ûíåù...
A funny symbol that I can't read has just been input.
Continue, and I'll forget that it ever happened.

! Text line contains an invalid character.
l.10 ‚KÅ£;¸^¿
             ó·^^^;I¥ÎàDùÇoÓÓþ¿ÿðožþü_¦§¿ÿ_ß¦ç¥=ýŸoËÓ¿íÿè^^_¾ý§ÿü4=OO^^?ûíåù...
A funny symbol that I can't read has just been input.
Continue, and I'll forget that it ever happened.

! Text line contains an invalid character.
l.10 ‚KÅ£;¸^¿ó
              ·^^^;I¥ÎàDùÇoÓÓþ¿ÿðožþü_¦§¿ÿ_ß¦ç¥=ýŸoËÓ¿íÿè^^_¾ý§ÿü4=OO^^?ûíåù...
A funny symbol that I can't read has just been input.
Continue, and I'll forget that it ever happened.

! Text line contains an invalid character.
l.10 ‚KÅ£;¸^¿ó·
               ^^^;I¥ÎàDùÇoÓÓþ¿ÿðožþü_¦§¿ÿ_ß¦ç¥=ýŸoËÓ¿íÿè^^_¾ý§ÿü4=OO^^?ûíåù...
A funny symbol that I can't read has just been input.
Continue, and I'll forget that it ever happened.

! Text line contains an invalid character.
l.10 ‚KÅ£;¸^¿ó·^^^
                  ;I¥ÎàDùÇoÓÓþ¿ÿðožþü_¦§¿ÿ_ß¦ç¥=ýŸoËÓ¿íÿè^^_¾ý§ÿü4=OO^^?ûíåù...
A funny symbol that I can't read has just been input.
Continue, and I'll forget that it ever happened.

>> ^
! Isolated expression.
<to be read again> 
                   ;
l.10 ‚KÅ£;¸^¿ó·^^^;
                   I¥ÎàDùÇoÓÓþ¿ÿðožþü_¦§¿ÿ_ß¦ç¥=ýŸoËÓ¿íÿè^^_¾ý§ÿü4=OO^^?ûíåù...
I couldn't find an `=' or `:=' after the
expression that is shown above this error message,
so I guess I'll just ignore it and carry on.

! Text line contains an invalid character.
l.10 ‚KÅ£;¸^¿ó·^^^;I¥
                     ÎàDùÇoÓÓþ¿ÿðožþü_¦§¿ÿ_ß¦ç¥=ýŸoËÓ¿íÿè^^_¾ý§ÿü4=OO^^?ûíåù...
A funny symbol that I can't read has just been input.
Continue, and I'll forget that it ever happened.

! Text line contains an invalid character.
l.10 ‚KÅ£;¸^¿ó·^^^;I¥Î
                      àDùÇoÓÓþ¿ÿðožþü_¦§¿ÿ_ß¦ç¥=ýŸoËÓ¿íÿè^^_¾ý§ÿü4=OO^^?ûíåù...
A funny symbol that I can't read has just been input.
Continue, and I'll forget that it ever happened.

! Text line contains an invalid character.
l.10 ‚KÅ£;¸^¿ó·^^^;I¥Îà
                       DùÇoÓÓþ¿ÿðožþü_¦§¿ÿ_ß¦ç¥=ýŸoËÓ¿íÿè^^_¾ý§ÿü4=OO^^?ûíåù...
A funny symbol that I can't read has just been input.
Continue, and I'll forget that it ever happened.

! Text line contains an invalid character.
l.10 ‚KÅ£;¸^¿ó·^^^;I¥ÎàDù
                         ÇoÓÓþ¿ÿðožþü_¦§¿ÿ_ß¦ç¥=ýŸoËÓ¿íÿè^^_¾ý§ÿü4=OO^^?ûíåù...
A funny symbol that I can't read has just been input.
Continue, and I'll forget that it ever happened.

! Text line contains an invalid character.
l.10 ‚KÅ£;¸^¿ó·^^^;I¥ÎàDùÇ
                          oÓÓþ¿ÿðožþü_¦§¿ÿ_ß¦ç¥=ýŸoËÓ¿íÿè^^_¾ý§ÿü4=OO^^?ûíåù...
A funny symbol that I can't read has just been input.
Continue, and I'll forget that it ever happened.

! Text line contains an invalid character.
l.10 ‚KÅ£;¸^¿ó·^^^;I¥ÎàDùÇoÓ
                            Óþ¿ÿðožþü_¦§¿ÿ_ß¦ç¥=ýŸoËÓ¿íÿè^^_¾ý§ÿü4=OO^^?ûíåù...
A funny symbol that I can't read has just been input.
Continue, and I'll forget that it ever happened.

! Text line contains an invalid character.
l.10 ‚KÅ£;¸^¿ó·^^^;I¥ÎàDùÇoÓÓ
                             þ¿ÿðožþü_¦§¿ÿ_ß¦ç¥=ýŸoËÓ¿íÿè^^_¾ý§ÿü4=OO^^?ûíåù...
A funny symbol that I can't read has just been input.
Continue, and I'll forget that it ever happened.

! Text line contains an invalid character.
l.10 ‚KÅ£;¸^¿ó·^^^;I¥ÎàDùÇoÓÓþ
                              ¿ÿðožþü_¦§¿ÿ_ß¦ç¥=ýŸoËÓ¿íÿè^^_¾ý§ÿü4=OO^^?ûíåù...
A funny symbol that I can't read has just been input.
Continue, and I'll forget that it ever happened.

! Text line contains an invalid character.
l.10 ‚KÅ£;¸^¿ó·^^^;I¥ÎàDùÇoÓÓþ¿
                               ÿðožþü_¦§¿ÿ_ß¦ç¥=ýŸoËÓ¿íÿè^^_¾ý§ÿü4=OO^^?ûíåù...
A funny symbol that I can't read has just been input.
Continue, and I'll forget that it ever happened.

! Text line contains an invalid character.
l.10 ‚KÅ£;¸^¿ó·^^^;I¥ÎàDùÇoÓÓþ¿ÿ
                                ðožþü_¦§¿ÿ_ß¦ç¥=ýŸoËÓ¿íÿè^^_¾ý§ÿü4=OO^^?ûíåù...
A funny symbol that I can't read has just been input.
Continue, and I'll forget that it ever happened.

! Text line contains an invalid character.
l.10 ‚KÅ£;¸^¿ó·^^^;I¥ÎàDùÇoÓÓþ¿ÿð
                                 ožþü_¦§¿ÿ_ß¦ç¥=ýŸoËÓ¿íÿè^^_¾ý§ÿü4=OO^^?ûíåù...
A funny symbol that I can't read has just been input.
Continue, and I'll forget that it ever happened.

! Text line contains an invalid character.
l.10 ‚KÅ£;¸^¿ó·^^^;I¥ÎàDùÇoÓÓþ¿ÿðož
                                   þü_¦§¿ÿ_ß¦ç¥=ýŸoËÓ¿íÿè^^_¾ý§ÿü4=OO^^?ûíåù...
A funny symbol that I can't read has just been input.
Continue, and I'll forget that it ever happened.

! Text line contains an invalid character.
l.10 ‚KÅ£;¸^¿ó·^^^;I¥ÎàDùÇoÓÓþ¿ÿðožþ
                                    ü_¦§¿ÿ_ß¦ç¥=ýŸoËÓ¿íÿè^^_¾ý§ÿü4=OO^^?ûíåù...
A funny symbol that I can't read has just been input.
Continue, and I'll forget that it ever happened.

! Text line contains an invalid character.
l.10 ‚KÅ£;¸^¿ó·^^^;I¥ÎàDùÇoÓÓþ¿ÿðožþü
                                     _¦§¿ÿ_ß¦ç¥=ýŸoËÓ¿íÿè^^_¾ý§ÿü4=OO^^?ûíåù...
A funny symbol that I can't read has just been input.
Continue, and I'll forget that it ever happened.

! Text line contains an invalid character.
l.10 ‚KÅ£;¸^¿ó·^^^;I¥ÎàDùÇoÓÓþ¿ÿðožþü_¦
                                       §¿ÿ_ß¦ç¥=ýŸoËÓ¿íÿè^^_¾ý§ÿü4=OO^^?ûíåù...
A funny symbol that I can't read has just been input.
Continue, and I'll forget that it ever happened.

! Text line contains an invalid character.
l.10 ‚KÅ£;¸^¿ó·^^^;I¥ÎàDùÇoÓÓþ¿ÿðožþü_¦§
                                        ¿ÿ_ß¦ç¥=ýŸoËÓ¿íÿè^^_¾ý§ÿü4=OO^^?ûíåù...
A funny symbol that I can't read has just been input.
Continue, and I'll forget that it ever happened.

! Text line contains an invalid character.
l.10 ‚KÅ£;¸^¿ó·^^^;I¥ÎàDùÇoÓÓþ¿ÿðožþü_¦§¿
                                         ÿ_ß¦ç¥=ýŸoËÓ¿íÿè^^_¾ý§ÿü4=OO^^?ûíåù...
A funny symbol that I can't read has just been input.
Continue, and I'll forget that it ever happened.

! Text line contains an invalid character.
l.10 ‚KÅ£;¸^¿ó·^^^;I¥ÎàDùÇoÓÓþ¿ÿðožþü_¦§¿ÿ
                                          _ß¦ç¥=ýŸoËÓ¿íÿè^^_¾ý§ÿü4=OO^^?ûíåù...
A funny symbol that I can't read has just been input.
Continue, and I'll forget that it ever happened.

! Text line contains an invalid character.
l.10 ‚KÅ£;¸^¿ó·^^^;I¥ÎàDùÇoÓÓþ¿ÿðožþü_¦§¿ÿ_ß
                                            ¦ç¥=ýŸoËÓ¿íÿè^^_¾ý§ÿü4=OO^^?ûíåù...
A funny symbol that I can't read has just been input.
Continue, and I'll forget that it ever happened.

! Text line contains an invalid character.
l.10 ‚KÅ£;¸^¿ó·^^^;I¥ÎàDùÇoÓÓþ¿ÿðožþü_¦§¿ÿ_ß¦
                                             ç¥=ýŸoËÓ¿íÿè^^_¾ý§ÿü4=OO^^?ûíåù...
A funny symbol that I can't read has just been input.
Continue, and I'll forget that it ever happened.

! Text line contains an invalid character.
l.10 ‚KÅ£;¸^¿ó·^^^;I¥ÎàDùÇoÓÓþ¿ÿðožþü_¦§¿ÿ_ß¦ç
                                              ¥=ýŸoËÓ¿íÿè^^_¾ý§ÿü4=OO^^?ûíåù...
A funny symbol that I can't read has just been input.
Continue, and I'll forget that it ever happened.

! Text line contains an invalid character.
l.10 ‚KÅ£;¸^¿ó·^^^;I¥ÎàDùÇoÓÓþ¿ÿðožþü_¦§¿ÿ_ß¦ç¥
                                               =ýŸoËÓ¿íÿè^^_¾ý§ÿü4=OO^^?ûíåù...
A funny symbol that I can't read has just been input.
Continue, and I'll forget that it ever happened.

! Text line contains an invalid character.
l.10 ‚KÅ£;¸^¿ó·^^^;I¥ÎàDùÇoÓÓþ¿ÿðožþü_¦§¿ÿ_ß¦ç¥=ý
                                                 ŸoËÓ¿íÿè^^_¾ý§ÿü4=OO^^?ûíåù...
A funny symbol that I can't read has just been input.
Continue, and I'll forget that it ever happened.

! Text line contains an invalid character.
l.10 ‚KÅ£;¸^¿ó·^^^;I¥ÎàDùÇoÓÓþ¿ÿðožþü_¦§¿ÿ_ß¦ç¥=ýŸ
                                                  oËÓ¿íÿè^^_¾ý§ÿü4=OO^^?ûíåù...
A funny symbol that I can't read has just been input.
Continue, and I'll forget that it ever happened.

! Text line contains an invalid character.
l.10 ...¸^¿ó·^^^;I¥ÎàDùÇoÓÓþ¿ÿðožþü_¦§¿ÿ_ß¦ç¥=ýŸoË
                                                  Ó¿íÿè^^_¾ý§ÿü4=OO^^?ûíåùþô...
A funny symbol that I can't read has just been input.
Continue, and I'll forget that it ever happened.

! Text line contains an invalid character.
l.10 ...^¿ó·^^^;I¥ÎàDùÇoÓÓþ¿ÿðožþü_¦§¿ÿ_ß¦ç¥=ýŸoËÓ
                                                  ¿íÿè^^_¾ý§ÿü4=OO^^?ûíåùþôï...
A funny symbol that I can't read has just been input.
Continue, and I'll forget that it ever happened.

! Text line contains an invalid character.
l.10 ...¿ó·^^^;I¥ÎàDùÇoÓÓþ¿ÿðožþü_¦§¿ÿ_ß¦ç¥=ýŸoËÓ¿
                                                  íÿè^^_¾ý§ÿü4=OO^^?ûíåùþôïž...
A funny symbol that I can't read has just been input.
Continue, and I'll forget that it ever happened.

! Text line contains an invalid character.
l.10 ...ó·^^^;I¥ÎàDùÇoÓÓþ¿ÿðožþü_¦§¿ÿ_ß¦ç¥=ýŸoËÓ¿í
                                                  ÿè^^_¾ý§ÿü4=OO^^?ûíåùþôïžþ...
A funny symbol that I can't read has just been input.
Continue, and I'll forget that it ever happened.

! Text line contains an invalid character.
l.10 ...·^^^;I¥ÎàDùÇoÓÓþ¿ÿðožþü_¦§¿ÿ_ß¦ç¥=ýŸoËÓ¿íÿ
                                                  è^^_¾ý§ÿü4=OO^^?ûíåùþôïžþñ...
A funny symbol that I can't read has just been input.
Continue, and I'll forget that it ever happened.

! Text line contains an invalid character.
l.10 ...^^^;I¥ÎàDùÇoÓÓþ¿ÿðožþü_¦§¿ÿ_ß¦ç¥=ýŸoËÓ¿íÿè
                                                  ^^_¾ý§ÿü4=OO^^?ûíåùþôïžþñi...
A funny symbol that I can't read has just been input.
Continue, and I'll forget that it ever happened.

! Text line contains an invalid character.
l.10 ...;I¥ÎàDùÇoÓÓþ¿ÿðožþü_¦§¿ÿ_ß¦ç¥=ýŸoËÓ¿íÿè^^_
                                                  ¾ý§ÿü4=OO^^?ûíåùþôïžþñi^^^...
A funny symbol that I can't read has just been input.
Continue, and I'll forget that it ever happened.

! Text line contains an invalid character.
l.10 ...I¥ÎàDùÇoÓÓþ¿ÿðožþü_¦§¿ÿ_ß¦ç¥=ýŸoËÓ¿íÿè^^_¾
                                                  ý§ÿü4=OO^^?ûíåùþôïžþñi^^^û...
A funny symbol that I can't read has just been input.
Continue, and I'll forget that it ever happened.

! Text line contains an invalid character.
l.10 ...¥ÎàDùÇoÓÓþ¿ÿðožþü_¦§¿ÿ_ß¦ç¥=ýŸoËÓ¿íÿè^^_¾ý
                                                  §ÿü4=OO^^?ûíåùþôïžþñi^^^û?...
A funny symbol that I can't read has just been input.
Continue, and I'll forget that it ever happened.

! Text line contains an invalid character.
l.10 ...ÎàDùÇoÓÓþ¿ÿðožþü_¦§¿ÿ_ß¦ç¥=ýŸoËÓ¿íÿè^^_¾ý§
                                                  ÿü4=OO^^?ûíåùþôïžþñi^^^û?í...
A funny symbol that I can't read has just been input.
Continue, and I'll forget that it ever happened.

! Text line contains an invalid character.
l.10 ...àDùÇoÓÓþ¿ÿðožþü_¦§¿ÿ_ß¦ç¥=ýŸoËÓ¿íÿè^^_¾ý§ÿ
                                                  ü4=OO^^?ûíåùþôïžþñi^^^û?íÿ...
A funny symbol that I can't read has just been input.
Continue, and I'll forget that it ever happened.

! Text line contains an invalid character.
l.10 ...DùÇoÓÓþ¿ÿðožþü_¦§¿ÿ_ß¦ç¥=ýŸoËÓ¿íÿè^^_¾ý§ÿü
                                                  4=OO^^?ûíåùþôïžþñi^^^û?íÿ·...
A funny symbol that I can't read has just been input.
Continue, and I'll forget that it ever happened.

! Text line contains an invalid character.
l.10 ...¿ÿðožþü_¦§¿ÿ_ß¦ç¥=ýŸoËÓ¿íÿè^^_¾ý§ÿü4=OO^^?
                                                  ûíåùþôïžþñi^^^û?íÿ·Ì·§ÿú—o...
A funny symbol that I can't read has just been input.
Continue, and I'll forget that it ever happened.

! Text line contains an invalid character.
l.10 ...ÿðožþü_¦§¿ÿ_ß¦ç¥=ýŸoËÓ¿íÿè^^_¾ý§ÿü4=OO^^?û
                                                  íåùþôïžþñi^^^û?íÿ·Ì·§ÿú—o/...
A funny symbol that I can't read has just been input.
Continue, and I'll forget that it ever happened.

! Text line contains an invalid character.
l.10 ...ðožþü_¦§¿ÿ_ß¦ç¥=ýŸoËÓ¿íÿè^^_¾ý§ÿü4=OO^^?ûí
                                                  åùþôïžþñi^^^û?íÿ·Ì·§ÿú—o//...
A funny symbol that I can't read has just been input.
Continue, and I'll forget that it ever happened.

! Text line contains an invalid character.
l.10 ...ožþü_¦§¿ÿ_ß¦ç¥=ýŸoËÓ¿íÿè^^_¾ý§ÿü4=OO^^?ûíå
                                                  ùþôïžþñi^^^û?íÿ·Ì·§ÿú—o//Ï...
A funny symbol that I can't read has just been input.
Continue, and I'll forget that it ever happened.

! Text line contains an invalid character.
l.10 ...žþü_¦§¿ÿ_ß¦ç¥=ýŸoËÓ¿íÿè^^_¾ý§ÿü4=OO^^?ûíåù
                                                  þôïžþñi^^^û?íÿ·Ì·§ÿú—o//Ï·...
A funny symbol that I can't read has just been input.
Continue, and I'll forget that it ever happened.

! Text line contains an invalid character.
l.10 ...þü_¦§¿ÿ_ß¦ç¥=ýŸoËÓ¿íÿè^^_¾ý§ÿü4=OO^^?ûíåùþ
                                                  ôïžþñi^^^û?íÿ·Ì·§ÿú—o//Ï·õ...
A funny symbol that I can't read has just been input.
Continue, and I'll forget that it ever happened.

! Text line contains an invalid character.
l.10 ...ü_¦§¿ÿ_ß¦ç¥=ýŸoËÓ¿íÿè^^_¾ý§ÿü4=OO^^?ûíåùþô
                                                  ïžþñi^^^û?íÿ·Ì·§ÿú—o//Ï·õþ...
A funny symbol that I can't read has just been input.
Continue, and I'll forget that it ever happened.

! Text line contains an invalid character.
l.10 ..._¦§¿ÿ_ß¦ç¥=ýŸoËÓ¿íÿè^^_¾ý§ÿü4=OO^^?ûíåùþôï
                                                  žþñi^^^û?íÿ·Ì·§ÿú—o//Ï·õþ4...
A funny symbol that I can't read has just been input.
Continue, and I'll forget that it ever happened.

! Text line contains an invalid character.
l.10 ...¦§¿ÿ_ß¦ç¥=ýŸoËÓ¿íÿè^^_¾ý§ÿü4=OO^^?ûíåùþôïž
                                                  þñi^^^û?íÿ·Ì·§ÿú—o//Ï·õþ4o...
A funny symbol that I can't read has just been input.
Continue, and I'll forget that it ever happened.

! Text line contains an invalid character.
l.10 ...§¿ÿ_ß¦ç¥=ýŸoËÓ¿íÿè^^_¾ý§ÿü4=OO^^?ûíåùþôïžþ
                                                  ñi^^^û?íÿ·Ì·§ÿú—o//Ï·õþ4o¯...
A funny symbol that I can't read has just been input.
Continue, and I'll forget that it ever happened.

! Text line contains an invalid character.
l.10 ...¿ÿ_ß¦ç¥=ýŸoËÓ¿íÿè^^_¾ý§ÿü4=OO^^?ûíåùþôïžþñ
                                                  i^^^û?íÿ·Ì·§ÿú—o//Ï·õþ4o¯Ï...
A funny symbol that I can't read has just been input.
Continue, and I'll forget that it ever happened.

! Text line contains an invalid character.
l.10 ...¦ç¥=ýŸoËÓ¿íÿè^^_¾ý§ÿü4=OO^^?ûíåùþôïžþñi^^^
                                                  û?íÿ·Ì·§ÿú—o//Ï·õþ4o¯Ï÷íþô...
A funny symbol that I can't read has just been input.
Continue, and I'll forget that it ever happened.

! Text line contains an invalid character.
l.10 ...ç¥=ýŸoËÓ¿íÿè^^_¾ý§ÿü4=OO^^?ûíåùþôïžþñi^^^û
                                                  ?íÿ·Ì·§ÿú—o//Ï·õþ4o¯Ï÷íþô—...
A funny symbol that I can't read has just been input.
Continue, and I'll forget that it ever happened.

! Text line contains an invalid character.
l.10 ...=ýŸoËÓ¿íÿè^^_¾ý§ÿü4=OO^^?ûíåùþôïžþñi^^^û?í
                                                  ÿ·Ì·§ÿú—o//Ï·õþ4o¯Ï÷íþô—§—...
A funny symbol that I can't read has just been input.
Continue, and I'll forget that it ever happened.

! Text line contains an invalid character.
l.10 ...ýŸoËÓ¿íÿè^^_¾ý§ÿü4=OO^^?ûíåùþôïžþñi^^^û?íÿ
                                                  ·Ì·§ÿú—o//Ï·õþ4o¯Ï÷íþô—§—×...
A funny symbol that I can't read has just been input.
Continue, and I'll forget that it ever happened.

! Text line contains an invalid character.
l.10 ...ŸoËÓ¿íÿè^^_¾ý§ÿü4=OO^^?ûíåùþôïžþñi^^^û?íÿ·
                                                  Ì·§ÿú—o//Ï·õþ4o¯Ï÷íþô—§—×ç...
A funny symbol that I can't read has just been input.
Continue, and I'll forget that it ever happened.

! Text line contains an invalid character.
l.10 ...oËÓ¿íÿè^^_¾ý§ÿü4=OO^^?ûíåùþôïžþñi^^^û?íÿ·Ì
                                                  ·§ÿú—o//Ï·õþ4o¯Ï÷íþô—§—×ç—...
A funny symbol that I can't read has just been input.
Continue, and I'll forget that it ever happened.

! Text line contains an invalid character.
l.10 ...ËÓ¿íÿè^^_¾ý§ÿü4=OO^^?ûíåùþôïžþñi^^^û?íÿ·Ì·
                                                  §ÿú—o//Ï·õþ4o¯Ï÷íþô—§—×ç—¶...
A funny symbol that I can't read has just been input.
Continue, and I'll forget that it ever happened.

! Text line contains an invalid character.
l.10 ...Ó¿íÿè^^_¾ý§ÿü4=OO^^?ûíåùþôïžþñi^^^û?íÿ·Ì·§
                                                  ÿú—o//Ï·õþ4o¯Ï÷íþô—§—×ç—¶|...
A funny symbol that I can't read has just been input.
Continue, and I'll forget that it ever happened.

! Text line contains an invalid character.
l.10 ...¿íÿè^^_¾ý§ÿü4=OO^^?ûíåùþôïžþñi^^^û?íÿ·Ì·§ÿ
                                                  ú—o//Ï·õþ4o¯Ï÷íþô—§—×ç—¶|^...
A funny symbol that I can't read has just been input.
Continue, and I'll forget that it ever happened.

! Text line contains an invalid character.
l.10 ...íÿè^^_¾ý§ÿü4=OO^^?ûíåùþôïžþñi^^^û?íÿ·Ì·§ÿú
                                                  —o//Ï·õþ4o¯Ï÷íþô—§—×ç—¶|^^...
A funny symbol that I can't read has just been input.
Continue, and I'll forget that it ever happened.

! Text line contains an invalid character.
l.10 ...ÿè^^_¾ý§ÿü4=OO^^?ûíåùþôïžþñi^^^û?íÿ·Ì·§ÿú—
                                                  o//Ï·õþ4o¯Ï÷íþô—§—×ç—¶|^^O...
A funny symbol that I can't read has just been input.
Continue, and I'll forget that it ever happened.

! Text line contains an invalid character.
l.10 ..._¾ý§ÿü4=OO^^?ûíåùþôïžþñi^^^û?íÿ·Ì·§ÿú—o//Ï
                                                  ·õþ4o¯Ï÷íþô—§—×ç—¶|^^Oÿýé?...
A funny symbol that I can't read has just been input.
Continue, and I'll forget that it ever happened.

! Text line contains an invalid character.
l.10 ...¾ý§ÿü4=OO^^?ûíåùþôïžþñi^^^û?íÿ·Ì·§ÿú—o//Ï·
                                                  õþ4o¯Ï÷íþô—§—×ç—¶|^^Oÿýé?>...
A funny symbol that I can't read has just been input.
Continue, and I'll forget that it ever happened.

! Text line contains an invalid character.
l.10 ...ý§ÿü4=OO^^?ûíåùþôïžþñi^^^û?íÿ·Ì·§ÿú—o//Ï·õ
                                                  þ4o¯Ï÷íþô—§—×ç—¶|^^Oÿýé?>ý...
A funny symbol that I can't read has just been input.
Continue, and I'll forget that it ever happened.

! Text line contains an invalid character.
l.10 ...§ÿü4=OO^^?ûíåùþôïžþñi^^^û?íÿ·Ì·§ÿú—o//Ï·õþ
                                                  4o¯Ï÷íþô—§—×ç—¶|^^Oÿýé?>ýû...
A funny symbol that I can't read has just been input.
Continue, and I'll forget that it ever happened.

! Text line contains an invalid character.
l.10 ...4=OO^^?ûíåùþôïžþñi^^^û?íÿ·Ì·§ÿú—o//Ï·õþ4o¯
                                                  Ï÷íþô—§—×ç—¶|^^Oÿýé?>ýûo^^...
A funny symbol that I can't read has just been input.
Continue, and I'll forget that it ever happened.

! Text line contains an invalid character.
l.10 ...=OO^^?ûíåùþôïžþñi^^^û?íÿ·Ì·§ÿú—o//Ï·õþ4o¯Ï
                                                  ÷íþô—§—×ç—¶|^^Oÿýé?>ýûo^^?...
A funny symbol that I can't read has just been input.
Continue, and I'll forget that it ever happened.

! Text line contains an invalid character.
l.10 ...OO^^?ûíåùþôïžþñi^^^û?íÿ·Ì·§ÿú—o//Ï·õþ4o¯Ï÷
                                                  íþô—§—×ç—¶|^^Oÿýé?>ýûo^^?x...
A funny symbol that I can't read has just been input.
Continue, and I'll forget that it ever happened.

! Text line contains an invalid character.
l.10 ...O^^?ûíåùþôïžþñi^^^û?íÿ·Ì·§ÿú—o//Ï·õþ4o¯Ï÷í
                                                  þô—§—×ç—¶|^^Oÿýé?>ýûo^^?xç...
A funny symbol that I can't read has just been input.
Continue, and I'll forget that it ever happened.

! Text line contains an invalid character.
l.10 ...^^?ûíåùþôïžþñi^^^û?íÿ·Ì·§ÿú—o//Ï·õþ4o¯Ï÷íþ
                                                  ô—§—×ç—¶|^^Oÿýé?>ýûo^^?xçÚ...
A funny symbol that I can't read has just been input.
Continue, and I'll forget that it ever happened.

! Text line contains an invalid character.
l.10 ...^?ûíåùþôïžþñi^^^û?íÿ·Ì·§ÿú—o//Ï·õþ4o¯Ï÷íþô
                                                  —§—×ç—¶|^^Oÿýé?>ýûo^^?xçÚž...
A funny symbol that I can't read has just been input.
Continue, and I'll forget that it ever happened.

! Text line contains an invalid character.
l.10 ...?ûíåùþôïžþñi^^^û?íÿ·Ì·§ÿú—o//Ï·õþ4o¯Ï÷íþô—
                                                  §—×ç—¶|^^Oÿýé?>ýûo^^?xçÚžç...
A funny symbol that I can't read has just been input.
Continue, and I'll forget that it ever happened.

! Text line contains an invalid character.
l.10 ...ûíåùþôïžþñi^^^û?íÿ·Ì·§ÿú—o//Ï·õþ4o¯Ï÷íþô—§
                                                  —×ç—¶|^^Oÿýé?>ýûo^^?xçÚžç|...
A funny symbol that I can't read has just been input.
Continue, and I'll forget that it ever happened.

! Text line contains an invalid character.
l.10 ...íåùþôïžþñi^^^û?íÿ·Ì·§ÿú—o//Ï·õþ4o¯Ï÷íþô—§—
                                                  ×ç—¶|^^Oÿýé?>ýûo^^?xçÚžç|ë...
A funny symbol that I can't read has just been input.
Continue, and I'll forget that it ever happened.

! Text line contains an invalid character.
l.10 ...åùþôïžþñi^^^û?íÿ·Ì·§ÿú—o//Ï·õþ4o¯Ï÷íþô—§—×
                                                  ç—¶|^^Oÿýé?>ýûo^^?xçÚžç|ë:...
A funny symbol that I can't read has just been input.
Continue, and I'll forget that it ever happened.

! Text line contains an invalid character.
l.10 ...ùþôïžþñi^^^û?íÿ·Ì·§ÿú—o//Ï·õþ4o¯Ï÷íþô—§—×ç
                                                  —¶|^^Oÿýé?>ýûo^^?xçÚžç|ë:?...
A funny symbol that I can't read has just been input.
Continue, and I'll forget that it ever happened.

! Text line contains an invalid character.
l.10 ...þôïžþñi^^^û?íÿ·Ì·§ÿú—o//Ï·õþ4o¯Ï÷íþô—§—×ç—
                                                  ¶|^^Oÿýé?>ýûo^^?xçÚžç|ë:?¯...
A funny symbol that I can't read has just been input.
Continue, and I'll forget that it ever happened.

! Text line contains an invalid character.
l.10 ...ôïžþñi^^^û?íÿ·Ì·§ÿú—o//Ï·õþ4o¯Ï÷íþô—§—×ç—¶
                                                  |^^Oÿýé?>ýûo^^?xçÚžç|ë:?¯ë...
A funny symbol that I can't read has just been input.
Continue, and I'll forget that it ever happened.

! Text line contains an invalid character.
l.10 ...ñi^^^û?íÿ·Ì·§ÿú—o//Ï·õþ4o¯Ï÷íþô—§—×ç—¶|^^O
                                                  ÿýé?>ýûo^^?xçÚžç|ë:?¯ëvº÷x...
A funny symbol that I can't read has just been input.
Continue, and I'll forget that it ever happened.

! Text line contains an invalid character.
l.10 ...i^^^û?íÿ·Ì·§ÿú—o//Ï·õþ4o¯Ï÷íþô—§—×ç—¶|^^Oÿ
                                                  ýé?>ýûo^^?xçÚžç|ë:?¯ëvº÷xÆ...
A funny symbol that I can't read has just been input.
Continue, and I'll forget that it ever happened.

! Text line contains an invalid character.
l.10 ...^^^û?íÿ·Ì·§ÿú—o//Ï·õþ4o¯Ï÷íþô—§—×ç—¶|^^Oÿý
                                                  é?>ýûo^^?xçÚžç|ë:?¯ëvº÷xÆ^...
A funny symbol that I can't read has just been input.
Continue, and I'll forget that it ever happened.

! Text line contains an invalid character.
l.10 ...^^û?íÿ·Ì·§ÿú—o//Ï·õþ4o¯Ï÷íþô—§—×ç—¶|^^Oÿýé
                                                  ?>ýûo^^?xçÚžç|ë:?¯ëvº÷xÆ^^...
A funny symbol that I can't read has just been input.
Continue, and I'll forget that it ever happened.

! Text line contains an invalid character.
l.10 ...?íÿ·Ì·§ÿú—o//Ï·õþ4o¯Ï÷íþô—§—×ç—¶|^^Oÿýé?>ý
                                                  ûo^^?xçÚžç|ë:?¯ëvº÷xÆ^^?úû...
A funny symbol that I can't read has just been input.
Continue, and I'll forget that it ever happened.

! Text line contains an invalid character.
l.10 ...íÿ·Ì·§ÿú—o//Ï·õþ4o¯Ï÷íþô—§—×ç—¶|^^Oÿýé?>ýû
                                                  o^^?xçÚžç|ë:?¯ëvº÷xÆ^^?úû§...
A funny symbol that I can't read has just been input.
Continue, and I'll forget that it ever happened.

! Text line contains an invalid character.
l.10 ...·§ÿú—o//Ï·õþ4o¯Ï÷íþô—§—×ç—¶|^^Oÿýé?>ýûo^^?
                                                  xçÚžç|ë:?¯ëvº÷xÆ^^?úû§^^?õ...
A funny symbol that I can't read has just been input.
Continue, and I'll forget that it ever happened.

! Text line contains an invalid character.
l.10 ...ÿú—o//Ï·õþ4o¯Ï÷íþô—§—×ç—¶|^^Oÿýé?>ýûo^^?xç
                                                  Úžç|ë:?¯ëvº÷xÆ^^?úû§^^?õÛ·...
A funny symbol that I can't read has just been input.
Continue, and I'll forget that it ever happened.

! Text line contains an invalid character.
l.10 ...ú—o//Ï·õþ4o¯Ï÷íþô—§—×ç—¶|^^Oÿýé?>ýûo^^?xçÚ
                                                  žç|ë:?¯ëvº÷xÆ^^?úû§^^?õÛ·û...
A funny symbol that I can't read has just been input.
Continue, and I'll forget that it ever happened.

! Text line contains an invalid character.
l.10 ...—o//Ï·õþ4o¯Ï÷íþô—§—×ç—¶|^^Oÿýé?>ýûo^^?xçÚž
                                                  ç|ë:?¯ëvº÷xÆ^^?úû§^^?õÛ·û¸...
A funny symbol that I can't read has just been input.
Continue, and I'll forget that it ever happened.

! Text line contains an invalid character.
l.10 ...o//Ï·õþ4o¯Ï÷íþô—§—×ç—¶|^^Oÿýé?>ýûo^^?xçÚžç
                                                  |ë:?¯ëvº÷xÆ^^?úû§^^?õÛ·û¸¾...
A funny symbol that I can't read has just been input.
Continue, and I'll forget that it ever happened.

! Text line contains an invalid character.
l.10 .../Ï·õþ4o¯Ï÷íþô—§—×ç—¶|^^Oÿýé?>ýûo^^?xçÚžç|ë
                                                  :?¯ëvº÷xÆ^^?úû§^^?õÛ·û¸¾?-...
A funny symbol that I can't read has just been input.
Continue, and I'll forget that it ever happened.

>> -o.x|+OO.i?o//4o|?
! Unknown relation will be considered false.
<to be read again> 
                   :
l.10 ...Ï·õþ4o¯Ï÷íþô—§—×ç—¶|^^Oÿýé?>ýûo^^?xçÚžç|ë:
                                                  ?¯ëvº÷xÆ^^?úû§^^?õÛ·û¸¾?-S...
Oh dear. I can't decide if the expression above is positive,
negative, or zero. So this comparison test won't be `true'.

>> o4
>> false
! Equation cannot be performed (numeric=boolean).
<to be read again> 
                   :
l.10 ...Ï·õþ4o¯Ï÷íþô—§—×ç—¶|^^Oÿýé?>ýûo^^?xçÚžç|ë:
                                                  ?¯ëvº÷xÆ^^?úû§^^?õÛ·û¸¾?-S...
I'm sorry, but I don't know how to make such things equal.
(See the two expressions just above the error message.)

>> I.D.o.o._._
>> false
! Equation cannot be performed (numeric=boolean).
<to be read again> 
                   :
l.10 ...Ï·õþ4o¯Ï÷íþô—§—×ç—¶|^^Oÿýé?>ýûo^^?xçÚžç|ë:
                                                  ?¯ëvº÷xÆ^^?úû§^^?õÛ·û¸¾?-S...
I'm sorry, but I don't know how to make such things equal.
(See the two expressions just above the error message.)

! Extra tokens will be flushed.
<to be read again> 
                   :
l.10 ...Ï·õþ4o¯Ï÷íþô—§—×ç—¶|^^Oÿýé?>ýûo^^?xçÚžç|ë:
                                                  ?¯ëvº÷xÆ^^?úû§^^?õÛ·û¸¾?-S...
I've just read as much of that statement as I could fathom,
so a semicolon should have been next. It's very puzzling...
but I'll try to get myself back together, by ignoring
everything up to the next `;'. Please insert a semicolon
now in front of anything that you don't want me to delete.
(See Chapter 27 of The METAFONTbook for an example.)

! Text line contains an invalid character.
l.10 ...õþ4o¯Ï÷íþô—§—×ç—¶|^^Oÿýé?>ýûo^^?xçÚžç|ë:?¯
                                                  ëvº÷xÆ^^?úû§^^?õÛ·û¸¾?-S^^...
A funny symbol that I can't read has just been input.
Continue, and I'll forget that it ever happened.

! Text line contains an invalid character.
l.10 ...þ4o¯Ï÷íþô—§—×ç—¶|^^Oÿýé?>ýûo^^?xçÚžç|ë:?¯ë
                                                  vº÷xÆ^^?úû§^^?õÛ·û¸¾?-S^^_...
A funny symbol that I can't read has just been input.
Continue, and I'll forget that it ever happened.

! Text line contains an invalid character.
l.10 ...o¯Ï÷íþô—§—×ç—¶|^^Oÿýé?>ýûo^^?xçÚžç|ë:?¯ëvº
                                                  ÷xÆ^^?úû§^^?õÛ·û¸¾?-S^^_L·...
A funny symbol that I can't read has just been input.
Continue, and I'll forget that it ever happened.

! Text line contains an invalid character.
l.10 ...¯Ï÷íþô—§—×ç—¶|^^Oÿýé?>ýûo^^?xçÚžç|ë:?¯ëvº÷
                                                  xÆ^^?úû§^^?õÛ·û¸¾?-S^^_L·þ...
A funny symbol that I can't read has just been input.
Continue, and I'll forget that it ever happened.

! Text line contains an invalid character.
l.10 ...÷íþô—§—×ç—¶|^^Oÿýé?>ýûo^^?xçÚžç|ë:?¯ëvº÷xÆ
                                                  ^^?úû§^^?õÛ·û¸¾?-S^^_L·þ°s...
A funny symbol that I can't read has just been input.
Continue, and I'll forget that it ever happened.

! Text line contains an invalid character.
l.10 ...ô—§—×ç—¶|^^Oÿýé?>ýûo^^?xçÚžç|ë:?¯ëvº÷xÆ^^?
                                                  úû§^^?õÛ·û¸¾?-S^^_L·þ°s{nO...
A funny symbol that I can't read has just been input.
Continue, and I'll forget that it ever happened.

! Text line contains an invalid character.
l.10 ...—§—×ç—¶|^^Oÿýé?>ýûo^^?xçÚžç|ë:?¯ëvº÷xÆ^^?ú
                                                  û§^^?õÛ·û¸¾?-S^^_L·þ°s{nO¿...
A funny symbol that I can't read has just been input.
Continue, and I'll forget that it ever happened.

! Text line contains an invalid character.
l.10 ...§—×ç—¶|^^Oÿýé?>ýûo^^?xçÚžç|ë:?¯ëvº÷xÆ^^?úû
                                                  §^^?õÛ·û¸¾?-S^^_L·þ°s{nO¿ý...
A funny symbol that I can't read has just been input.
Continue, and I'll forget that it ever happened.

! Text line contains an invalid character.
l.10 ...—×ç—¶|^^Oÿýé?>ýûo^^?xçÚžç|ë:?¯ëvº÷xÆ^^?úû§
                                                  ^^?õÛ·û¸¾?-S^^_L·þ°s{nO¿ýå...
(That makes 100 errors; please try again.)
